[Wed Apr 20 04:46:48 CDT 2011] winnuke attack (alert ip any any -> any any (msg: "winnuke attack"; flags: "U+";))
[tcp](60 b) SID: 5 [1 fragments]
Source MAC: 00-01-03-CD-5E-2D
Destination MAC: 00-01-03-CD-50-3C
EtherType: IPv4
Header Length: 20
TOS: 0
Total Length: 43
Data Length: 23
Identification: 1323
FlagFrag Binary: 0100000000000000
Flags: 010
Last Fragment?: true
Fragment Offset: 0
First octet: 0
Last octet: 23
TTL: 64
Payload Start: 34
Protocol: TCP
Source Address: /192.168.1.200
Destination Address: /192.168.1.50
Number of options: 0
Source Port: 32771
Destination Port: 139
Sequence Number: 57569210
Acknowledgement Number: 974037
Control Flags: 00111000
URG Flag: true

[Wed Apr 20 04:46:48 CDT 2011] winnuke attack (alert ip any any -> any any (msg: "winnuke attack"; flags: "U+";))
[tcp](57 b) SID: 1 [1 fragments]
Source MAC: 00-01-03-CD-5E-2D
Destination MAC: 00-01-03-CD-50-3C
EtherType: IPv4
Header Length: 20
TOS: 0
Total Length: 43
Data Length: 23
Identification: 1323
FlagFrag Binary: 0100000000000000
Flags: 010
Last Fragment?: true
Fragment Offset: 0
First octet: 0
Last octet: 23
TTL: 64
Payload Start: 34
Protocol: TCP
Source Address: /192.168.1.200
Destination Address: /192.168.1.50
Number of options: 0
Source Port: 32771
Destination Port: 139
Sequence Number: 57569210
Acknowledgement Number: 974037
Control Flags: 00111000
URG Flag: true

[Wed Apr 20 04:46:48 CDT 2011] winnuke attack (alert ip any any -> any any (msg: "winnuke attack"; flags: "U+";))
[tcp](60 b) SID: 5 [1 fragments]
Source MAC: 00-01-03-CD-5E-2D
Destination MAC: 00-01-03-CD-50-3C
EtherType: IPv4
Header Length: 20
TOS: 0
Total Length: 43
Data Length: 23
Identification: 1325
FlagFrag Binary: 0100000000000000
Flags: 010
Last Fragment?: true
Fragment Offset: 0
First octet: 0
Last octet: 23
TTL: 64
Payload Start: 34
Protocol: TCP
Source Address: /192.168.1.200
Destination Address: /192.168.1.50
Number of options: 0
Source Port: 32771
Destination Port: 139
Sequence Number: 57569210
Acknowledgement Number: 974037
Control Flags: 00111001
URG Flag: true

[Wed Apr 20 04:46:48 CDT 2011] winnuke attack (alert ip any any -> any any (msg: "winnuke attack"; flags: "U+";))
[tcp](57 b) SID: 1 [1 fragments]
Source MAC: 00-01-03-CD-5E-2D
Destination MAC: 00-01-03-CD-50-3C
EtherType: IPv4
Header Length: 20
TOS: 0
Total Length: 43
Data Length: 23
Identification: 1325
FlagFrag Binary: 0100000000000000
Flags: 010
Last Fragment?: true
Fragment Offset: 0
First octet: 0
Last octet: 23
TTL: 64
Payload Start: 34
Protocol: TCP
Source Address: /192.168.1.200
Destination Address: /192.168.1.50
Number of options: 0
Source Port: 32771
Destination Port: 139
Sequence Number: 57569210
Acknowledgement Number: 974037
Control Flags: 00111001
URG Flag: true

